<?xml version="1.0" encoding="UTF-8"?>
<!-- Generated by org.testng.reporters.JUnitReportReporter -->
<testsuite hostname="DESKTOP-U80E17V" failures="0" tests="1" name="com.Bootcamp_Part1_Medium_submission.ShoppingcartTest" time="10.063" errors="0" timestamp="23 Dec 2023 02:35:23 GMT" skipped="0">
  <testcase classname="com.Bootcamp_Part1_Medium_submission.ShoppingcartTest" name="testAddProductToCartAndVerify" time="10.063"/>
</testsuite> <!-- com.Bootcamp_Part1_Medium_submission.ShoppingcartTest -->
