<?xml version="1.0" encoding="UTF-8"?>
<!-- Generated by org.testng.reporters.JUnitReportReporter -->
<testsuite hostname="DESKTOP-U80E17V" failures="0" tests="1" name="com.Bootcamp_Part1_Medium_submission.RegistrationTest" time="4.733" errors="0" timestamp="24 Dec 2023 00:47:52 GMT" skipped="0">
  <testcase classname="com.Bootcamp_Part1_Medium_submission.RegistrationTest" name="testSuccessfulRegistrationWithValidCredentials" time="4.733"/>
</testsuite> <!-- com.Bootcamp_Part1_Medium_submission.RegistrationTest -->
