<?xml version="1.0" encoding="UTF-8"?>
<!-- Generated by org.testng.reporters.JUnitReportReporter -->
<testsuite hostname="DESKTOP-U80E17V" failures="0" tests="2" name="com.Bootcamp_Part1_Medium_submission.TNHomePageTest" time="18.565" errors="0" timestamp="23 Dec 2023 22:20:22 GMT" skipped="0">
  <testcase classname="com.Bootcamp_Part1_Medium_submission.TNHomePageTest" name="homepageTest" time="4.682"/>
  <testcase classname="com.Bootcamp_Part1_Medium_submission.TNHomePageTest" name="navigateToHomePageAndVerifyElement" time="13.883"/>
</testsuite> <!-- com.Bootcamp_Part1_Medium_submission.TNHomePageTest -->
