<?xml version="1.0" encoding="UTF-8"?>
<!-- Generated by org.testng.reporters.JUnitReportReporter -->
<testsuite hostname="DESKTOP-U80E17V" failures="0" tests="1" name="com.bootcamp_part1_easy_submission.NavigateAndVerifyElementsTest" time="4.565" errors="0" timestamp="06 Jan 2024 22:06:07 GMT" skipped="0">
  <testcase classname="com.bootcamp_part1_easy_submission.NavigateAndVerifyElementsTest" name="testNavigateNewPageAndVerifyElements" time="4.565"/>
</testsuite> <!-- com.bootcamp_part1_easy_submission.NavigateAndVerifyElementsTest -->
